{"/Users/schalkgriebenow/code/personal/react-storybook/src/App.tsx": {"path":"/Users/schalkgriebenow/code/personal/react-storybook/src/App.tsx","statementMap":{"0":{"start":{"line":7,"column":28},"end":{"line":7,"column":null}},"1":{"start":{"line":9,"column":2},"end":{"line":31,"column":null}},"2":{"start":{"line":21,"column":31},"end":{"line":21,"column":63}},"3":{"start":{"line":21,"column":51},"end":{"line":21,"column":60}}},"fnMap":{"0":{"name":"App","decl":{"start":{"line":6,"column":9},"end":{"line":6,"column":15}},"loc":{"start":{"line":6,"column":15},"end":{"line":33,"column":null}}},"1":{"name":"(anonymous_1)","decl":{"start":{"line":21,"column":25},"end":{"line":21,"column":31}},"loc":{"start":{"line":21,"column":31},"end":{"line":21,"column":63}}},"2":{"name":"(anonymous_2)","decl":{"start":{"line":21,"column":40},"end":{"line":21,"column":41}},"loc":{"start":{"line":21,"column":51},"end":{"line":21,"column":60}}}},"branchMap":{},"s":{"0":0,"1":0,"2":0,"3":0},"f":{"0":0,"1":0,"2":0},"b":{}}
,"/Users/schalkgriebenow/code/personal/react-storybook/src/main.tsx": {"path":"/Users/schalkgriebenow/code/personal/react-storybook/src/main.tsx","statementMap":{"0":{"start":{"line":6,"column":0},"end":{"line":10,"column":null}}},"fnMap":{},"branchMap":{},"s":{"0":0},"f":{},"b":{}}
,"/Users/schalkgriebenow/code/personal/react-storybook/src/components/TextInput/TextInput.tsx": {"path":"/Users/schalkgriebenow/code/personal/react-storybook/src/components/TextInput/TextInput.tsx","statementMap":{"0":{"start":{"line":10,"column":25},"end":{"line":36,"column":null}},"1":{"start":{"line":16,"column":28},"end":{"line":16,"column":null}},"2":{"start":{"line":18,"column":2},"end":{"line":34,"column":null}},"3":{"start":{"line":31,"column":25},"end":{"line":31,"column":null}}},"fnMap":{"0":{"name":"(anonymous_0)","decl":{"start":{"line":10,"column":25},"end":{"line":10,"column":26}},"loc":{"start":{"line":15,"column":22},"end":{"line":36,"column":null}}},"1":{"name":"(anonymous_1)","decl":{"start":{"line":31,"column":18},"end":{"line":31,"column":19}},"loc":{"start":{"line":31,"column":25},"end":{"line":31,"column":null}}}},"branchMap":{},"s":{"0":0,"1":0,"2":0,"3":0},"f":{"0":0,"1":0},"b":{}}
,"/Users/schalkgriebenow/code/personal/react-storybook/src/components/accordion/Accordion.tsx": {"path":"/Users/schalkgriebenow/code/personal/react-storybook/src/components/accordion/Accordion.tsx","statementMap":{"0":{"start":{"line":19,"column":24},"end":{"line":46,"column":null}},"1":{"start":{"line":20,"column":32},"end":{"line":20,"column":null}},"2":{"start":{"line":21,"column":23},"end":{"line":21,"column":null}},"3":{"start":{"line":23,"column":4},"end":{"line":44,"column":null}},"4":{"start":{"line":28,"column":25},"end":{"line":28,"column":null}},"5":{"start":{"line":48,"column":2},"end":{"line":58,"column":null}},"6":{"start":{"line":52,"column":10},"end":{"line":56,"column":null}}},"fnMap":{"0":{"name":"Accordion","decl":{"start":{"line":18,"column":24},"end":{"line":18,"column":34}},"loc":{"start":{"line":18,"column":60},"end":{"line":60,"column":null}}},"1":{"name":"(anonymous_1)","decl":{"start":{"line":19,"column":24},"end":{"line":19,"column":25}},"loc":{"start":{"line":19,"column":68},"end":{"line":46,"column":null}}},"2":{"name":"(anonymous_2)","decl":{"start":{"line":28,"column":19},"end":{"line":28,"column":25}},"loc":{"start":{"line":28,"column":25},"end":{"line":28,"column":null}}},"3":{"name":"(anonymous_3)","decl":{"start":{"line":51,"column":17},"end":{"line":51,"column":18}},"loc":{"start":{"line":52,"column":10},"end":{"line":56,"column":null}}}},"branchMap":{"0":{"loc":{"start":{"line":32,"column":13},"end":{"line":32,"column":null}},"type":"cond-expr","locations":[{"start":{"line":32,"column":22},"end":{"line":32,"column":40}},{"start":{"line":32,"column":40},"end":{"line":32,"column":null}}]},"1":{"loc":{"start":{"line":39,"column":20},"end":{"line":39,"column":null}},"type":"cond-expr","locations":[{"start":{"line":39,"column":29},"end":{"line":39,"column":64}},{"start":{"line":39,"column":64},"end":{"line":39,"column":null}}]},"2":{"loc":{"start":{"line":50,"column":7},"end":{"line":57,"column":null}},"type":"binary-expr","locations":[{"start":{"line":50,"column":7},"end":{"line":50,"column":null}},{"start":{"line":51,"column":8},"end":{"line":57,"column":null}}]}},"s":{"0":0,"1":0,"2":0,"3":0,"4":0,"5":0,"6":0},"f":{"0":0,"1":0,"2":0,"3":0},"b":{"0":[0,0],"1":[0,0],"2":[0,0]}}
,"/Users/schalkgriebenow/code/personal/react-storybook/src/components/button/Button.stories.ts": {"path":"/Users/schalkgriebenow/code/personal/react-storybook/src/components/button/Button.stories.ts","statementMap":{"0":{"start":{"line":6,"column":13},"end":{"line":21,"column":null}},"1":{"start":{"line":27,"column":30},"end":{"line":33,"column":null}},"2":{"start":{"line":35,"column":32},"end":{"line":39,"column":null}},"3":{"start":{"line":41,"column":28},"end":{"line":46,"column":null}},"4":{"start":{"line":48,"column":28},"end":{"line":53,"column":null}},"5":{"start":{"line":56,"column":30},"end":{"line":62,"column":null}}},"fnMap":{},"branchMap":{},"s":{"0":1,"1":1,"2":1,"3":1,"4":1,"5":1},"f":{},"b":{}}
,"/Users/schalkgriebenow/code/personal/react-storybook/src/components/button/Button.tsx": {"path":"/Users/schalkgriebenow/code/personal/react-storybook/src/components/button/Button.tsx","statementMap":{"0":{"start":{"line":29,"column":22},"end":{"line":47,"column":null}},"1":{"start":{"line":36,"column":15},"end":{"line":36,"column":null}},"2":{"start":{"line":37,"column":2},"end":{"line":45,"column":null}}},"fnMap":{"0":{"name":"(anonymous_0)","decl":{"start":{"line":29,"column":22},"end":{"line":29,"column":23}},"loc":{"start":{"line":35,"column":19},"end":{"line":47,"column":null}}}},"branchMap":{"0":{"loc":{"start":{"line":30,"column":2},"end":{"line":30,"column":null}},"type":"default-arg","locations":[{"start":{"line":30,"column":12},"end":{"line":30,"column":null}}]},"1":{"loc":{"start":{"line":31,"column":2},"end":{"line":31,"column":null}},"type":"default-arg","locations":[{"start":{"line":31,"column":9},"end":{"line":31,"column":null}}]},"2":{"loc":{"start":{"line":36,"column":15},"end":{"line":36,"column":null}},"type":"cond-expr","locations":[{"start":{"line":36,"column":25},"end":{"line":36,"column":55}},{"start":{"line":36,"column":55},"end":{"line":36,"column":null}}]}},"s":{"0":1,"1":3,"2":3},"f":{"0":3},"b":{"0":[1],"1":[3],"2":[2,1]}}
,"/Users/schalkgriebenow/code/personal/react-storybook/src/components/counter/Counter.tsx": {"path":"/Users/schalkgriebenow/code/personal/react-storybook/src/components/counter/Counter.tsx","statementMap":{"0":{"start":{"line":9,"column":22},"end":{"line":9,"column":null}},"1":{"start":{"line":10,"column":30},"end":{"line":10,"column":null}},"2":{"start":{"line":12,"column":26},"end":{"line":18,"column":null}},"3":{"start":{"line":13,"column":8},"end":{"line":16,"column":null}},"4":{"start":{"line":14,"column":12},"end":{"line":14,"column":null}},"5":{"start":{"line":15,"column":12},"end":{"line":15,"column":null}},"6":{"start":{"line":17,"column":8},"end":{"line":17,"column":null}},"7":{"start":{"line":20,"column":4},"end":{"line":25,"column":null}},"8":{"start":{"line":23,"column":45},"end":{"line":23,"column":67}},"9":{"start":{"line":24,"column":45},"end":{"line":24,"column":62}}},"fnMap":{"0":{"name":"Counter","decl":{"start":{"line":8,"column":9},"end":{"line":8,"column":17}},"loc":{"start":{"line":8,"column":38},"end":{"line":27,"column":null}}},"1":{"name":"(anonymous_1)","decl":{"start":{"line":12,"column":26},"end":{"line":12,"column":27}},"loc":{"start":{"line":12,"column":46},"end":{"line":18,"column":null}}},"2":{"name":"(anonymous_2)","decl":{"start":{"line":23,"column":39},"end":{"line":23,"column":45}},"loc":{"start":{"line":23,"column":45},"end":{"line":23,"column":67}}},"3":{"name":"(anonymous_3)","decl":{"start":{"line":24,"column":39},"end":{"line":24,"column":45}},"loc":{"start":{"line":24,"column":45},"end":{"line":24,"column":62}}}},"branchMap":{"0":{"loc":{"start":{"line":13,"column":8},"end":{"line":16,"column":null}},"type":"if","locations":[{"start":{"line":13,"column":8},"end":{"line":16,"column":null}},{"start":{},"end":{}}]}},"s":{"0":0,"1":0,"2":0,"3":0,"4":0,"5":0,"6":0,"7":0,"8":0,"9":0},"f":{"0":0,"1":0,"2":0,"3":0},"b":{"0":[0,0]}}
,"/Users/schalkgriebenow/code/personal/react-storybook/src/components/rating/Rating.tsx": {"path":"/Users/schalkgriebenow/code/personal/react-storybook/src/components/rating/Rating.tsx","statementMap":{"0":{"start":{"line":11,"column":46},"end":{"line":11,"column":null}},"1":{"start":{"line":14,"column":8},"end":{"line":20,"column":null}},"2":{"start":{"line":24,"column":4},"end":{"line":26,"column":null}},"3":{"start":{"line":25,"column":8},"end":{"line":25,"column":null}},"4":{"start":{"line":25,"column":48},"end":{"line":25,"column":71}}},"fnMap":{"0":{"name":"Rating","decl":{"start":{"line":10,"column":9},"end":{"line":10,"column":16}},"loc":{"start":{"line":10,"column":36},"end":{"line":27,"column":null}}},"1":{"name":"star","decl":{"start":{"line":13,"column":13},"end":{"line":13,"column":18}},"loc":{"start":{"line":13,"column":85},"end":{"line":22,"column":null}}},"2":{"name":"(anonymous_2)","decl":{"start":{"line":24,"column":55},"end":{"line":24,"column":56}},"loc":{"start":{"line":24,"column":65},"end":{"line":26,"column":5}}},"3":{"name":"(anonymous_3)","decl":{"start":{"line":25,"column":42},"end":{"line":25,"column":48}},"loc":{"start":{"line":25,"column":48},"end":{"line":25,"column":71}}}},"branchMap":{"0":{"loc":{"start":{"line":18,"column":23},"end":{"line":18,"column":null}},"type":"cond-expr","locations":[{"start":{"line":18,"column":34},"end":{"line":18,"column":42}},{"start":{"line":18,"column":42},"end":{"line":18,"column":null}}]}},"s":{"0":0,"1":0,"2":0,"3":0,"4":0},"f":{"0":0,"1":0,"2":0,"3":0},"b":{"0":[0,0]}}
}
